{"logLevel":"debug","message":"multithreading is set to false"}
{"logLevel":"debug","message":"Using reflection to scan dependencies for gauge implementations..."}
log4j:WARN No appenders could be found for logger (io.grpc.netty.shaded.io.netty.util.internal.logging.InternalLoggerFactory).
log4j:WARN Please initialize the log4j system properly.
log4j:WARN See http://logging.apache.org/log4j/1.2/faq.html#noconfig for more info.
{"logLevel":"debug","message":"gauge-java took 822milliseconds to load and scan. This should be less than 'runner_connection_timeout' config value."}
{"logLevel":"debug","message":"run 'gauge config runner_connection_timeout' and verify that it is < 822"}
{"logLevel":"debug","message":"starting gRPC server..."}
{"logLevel":"debug","message":"started gRPC server on port 50885"}
{"logLevel":"info","message":"Listening on port:50885"}
{"logLevel":"debug","message":"Scanning packages for steps"}
{"logLevel":"debug","message":"Comparing 'StepImplementation.waitForSecond' and 'StepImplementation.waitForSecond'"}
{"logLevel":"debug","message":"Found {} saniye beklenildi. in current project scope."}
{"logLevel":"debug","message":"Comparing 'StepImplementation.sendKeysById' and 'StepImplementation.sendKeysById'"}
{"logLevel":"debug","message":"Found {} li elemente {} degerini gir in current project scope."}
{"logLevel":"debug","message":"Comparing 'StepImplementation.clickByXpath' and 'StepImplementation.clickByXpath'"}
{"logLevel":"debug","message":"Found {} xpath li elemente tikla in current project scope."}
{"logLevel":"debug","message":"Comparing 'StepImplementation.checkList' and 'StepImplementation.checkList'"}
{"logLevel":"debug","message":"Found {} Ucus listesini kontrol et in current project scope."}
{"logLevel":"debug","message":"Comparing 'StepImplementation.clickById' and 'StepImplementation.clickById'"}
{"logLevel":"debug","message":"Found {} li elemente tikla in current project scope."}
{"logLevel":"debug","message":"Scanning packages for hooks"}
{"logLevel":"debug","message":"Scanned steps (using static parsing + reflections): "}
{"logLevel":"debug","message":"\t{} li elemente {} degerini gir : public void sendKeysById(String id, String key)"}
{"logLevel":"debug","message":"\t{} saniye beklenildi. : public void waitForSecond(ınt x) throws InterruptedException"}
{"logLevel":"debug","message":"\t{} Ucus listesini kontrol et : public void checkList(String check)"}
{"logLevel":"debug","message":"\t{} xpath li elemente tikla : public void clickByXpath(String xpath)"}
{"logLevel":"debug","message":"\t{} li elemente tikla : public void clickById(String id)"}
TEST BASLIYOR.....
Tem 02, 2021 1:37:36 PM io.appium.java_client.remote.AppiumCommandExecutor$1 lambda$0
INFO: Detected dialect: W3C
{"logLevel":"debug","message":"Executing '{} li elemente tikla' using 'class StepImplementation.clickById"}
Elemente tiklandi
{"logLevel":"debug","message":"Executing '{} li elemente tikla' using 'class StepImplementation.clickById"}
Elemente tiklandi
{"logLevel":"debug","message":"Executing '{} li elemente tikla' using 'class StepImplementation.clickById"}
Elemente tiklandi
{"logLevel":"debug","message":"Executing '{} li elemente tikla' using 'class StepImplementation.clickById"}
Elemente tiklandi
{"logLevel":"debug","message":"Executing '{} li elemente tikla' using 'class StepImplementation.clickById"}
Elemente tiklandi
{"logLevel":"debug","message":"Executing '{} li elemente tikla' using 'class StepImplementation.clickById"}
Elemente tiklandi
{"logLevel":"debug","message":"Executing '{} li elemente {} degerini gir' using 'class StepImplementation.sendKeysById"}
Send Keys yazıldı.
{"logLevel":"debug","message":"Executing '{} xpath li elemente tikla' using 'class StepImplementation.clickByXpath"}
Elemente tiklandi
{"logLevel":"debug","message":"Executing '{} li elemente tikla' using 'class StepImplementation.clickById"}
Elemente tiklandi
{"logLevel":"debug","message":"Executing '{} li elemente tikla' using 'class StepImplementation.clickById"}
Elemente tiklandi
{"logLevel":"debug","message":"Executing '{} li elemente {} degerini gir' using 'class StepImplementation.sendKeysById"}
Send Keys yazıldı.
{"logLevel":"debug","message":"Executing '{} xpath li elemente tikla' using 'class StepImplementation.clickByXpath"}
Elemente tiklandi
{"logLevel":"debug","message":"Executing '{} li elemente tikla' using 'class StepImplementation.clickById"}
Elemente tiklandi
{"logLevel":"debug","message":"Executing '{} xpath li elemente tikla' using 'class StepImplementation.clickByXpath"}
Elemente tiklandi
{"logLevel":"debug","message":"Executing '{} li elemente tikla' using 'class StepImplementation.clickById"}
Elemente tiklandi
{"logLevel":"debug","message":"Executing '{} xpath li elemente tikla' using 'class StepImplementation.clickByXpath"}
Elemente tiklandi
{"logLevel":"debug","message":"Executing '{} li elemente tikla' using 'class StepImplementation.clickById"}
Elemente tiklandi
{"logLevel":"debug","message":"Executing '{} Ucus listesini kontrol et' using 'class StepImplementation.checkList"}
{"logLevel":"debug","message":"Executing '{} saniye beklenildi.' using 'class StepImplementation.waitForSecond"}
1saniye beklenildi.
{"logLevel":"debug","message":"Executing '{} xpath li elemente tikla' using 'class StepImplementation.clickByXpath"}
Elemente tiklandi
{"logLevel":"debug","message":"Executing '{} xpath li elemente tikla' using 'class StepImplementation.clickByXpath"}
Elemente tiklandi
{"logLevel":"debug","message":"Executing '{} li elemente tikla' using 'class StepImplementation.clickById"}
Elemente tiklandi
{"logLevel":"debug","message":"Executing '{} saniye beklenildi.' using 'class StepImplementation.waitForSecond"}
2saniye beklenildi.
{"logLevel":"debug","message":"Killing Java runner..."}
{"logLevel":"debug","message":"Stopping execution pool..."}
{"logLevel":"debug","message":"Shutting down grpc server..."}
{"logLevel":"debug","message":"Runner killed gracefully."}
